C51 COMPILER V9.60.0.0   EVENT                                                             11/30/2021 16:22:17 PAGE 1   


C51 COMPILER V9.60.0.0, COMPILATION OF MODULE EVENT
OBJECT MODULE PLACED IN ..\obj\event.obj
COMPILER INVOKED BY: C:\Keil_v5\C51\BIN\C51.EXE ..\src\main\event.c LARGE OPTIMIZE(9,SIZE) INCDIR(c:\keil\c51\inc\winbon
                    -d;..\src\config;..\src\config\proj_opt;..\src\cli;..\src\main;..\src\switch;..\src\phy;..\src\util;..\src\switch\vtss_ap
                    -i\base;..\src\switch\vtss_api\base\ocelot;..\src\switch\include;..\src\lldp;..\src\snmp;..\src\sw_lacp;..\src\eee;..\src
                    -\eee\base\include;..\src\fan;..\src\led;..\src\loop) DEFINE(VTSS_ARCH_OCELOT,FERRET_F5,PROJ_OPT=0) DEBUG OBJECTEXTEND PR
                    -INT(..\lst\event.lst) TABS(2) OBJECT(..\obj\event.obj)

line level    source

   1          /*
   2          
   3           Copyright (c) 2017 Microsemi Corporation "Microsemi".
   4          
   5           Permission is hereby granted, free of charge, to any person obtaining a copy
   6           of this software and associated documentation files (the "Software"), to deal
   7           in the Software without restriction, including without limitation the rights
   8           to use, copy, modify, merge, publish, distribute, sublicense, and/or sell
   9           copies of the Software, and to permit persons to whom the Software is
  10           furnished to do so, subject to the following conditions:
  11          
  12           The above copyright notice and this permission notice shall be included in all
  13           copies or substantial portions of the Software.
  14          
  15           THE SOFTWARE IS PROVIDED "AS IS", WITHOUT WARRANTY OF ANY KIND, EXPRESS OR
  16           IMPLIED, INCLUDING BUT NOT LIMITED TO THE WARRANTIES OF MERCHANTABILITY,
  17           FITNESS FOR A PARTICULAR PURPOSE AND NONINFRINGEMENT. IN NO EVENT SHALL THE
  18           AUTHORS OR COPYRIGHT HOLDERS BE LIABLE FOR ANY CLAIM, DAMAGES OR OTHER
  19           LIABILITY, WHETHER IN AN ACTION OF CONTRACT, TORT OR OTHERWISE, ARISING FROM,
  20           OUT OF OR IN CONNECTION WITH THE SOFTWARE OR THE USE OR OTHER DEALINGS IN THE
  21           SOFTWARE.
  22          
  23          */
  24          
  25          #include "common.h"     /* Always include common.h at the first place of user-defined herder files */
  26          
  27          #include "taskdef.h"
  28          #include "hwport.h"
  29          #include "vtss_common_os.h"
  30          
  31          #if TRANSIT_LLDP
              #include "lldp.h"
              #endif /* TRANSIT_LLDP */
  34          
  35          #if FRONT_LED_PRESENT
  36          #include "ledtsk.h"
  37          #endif
  38          
  39          #if TRANSIT_EEE
              #include "eee_api.h"
              #endif
  42          
  43          #if TRANSIT_SNMP
              #include "traps.h"
              #endif
  46          
  47          #if TRANSIT_LACP
              #include "vtss_lacp_os.h"
              #include "vtss_lacp.h"
              #endif /* TRANSIT_LACP */
  51          
C51 COMPILER V9.60.0.0   EVENT                                                             11/30/2021 16:22:17 PAGE 2   

  52          #if TRANSIT_E2ETC
              #include "h2e2etc.h"
              #endif
  55          
  56          /*****************************************************************************
  57           *
  58           *
  59           * Defines
  60           *
  61           *
  62           *
  63           ****************************************************************************/
  64          
  65          /*****************************************************************************
  66           *
  67           *
  68           * Typedefs and enums
  69           *
  70           *
  71           *
  72           ****************************************************************************/
  73          
  74          /*****************************************************************************
  75           *
  76           *
  77           * Prototypes for local functions
  78           *
  79           *
  80           *
  81           ****************************************************************************/
  82          
  83          /*****************************************************************************
  84           *
  85           *
  86           * Local data
  87           *
  88           *
  89           *
  90           ****************************************************************************/
  91          
  92          #if TRANSIT_EEE
              static BOOL eee_port_link_up[NO_OF_BOARD_PORTS];
              #endif /* TRANSIT_EEE */
  95          
  96          /****************************************************************************
  97           *
  98           * Local Functions
  99           *
 100           ****************************************************************************/
 101          
 102          
 103          /****************************************************************************
 104           *
 105           * Public Functions
 106           *
 107           ****************************************************************************/
 108          
 109          
 110          /**
 111           * Notify applications when link goes up on a port.
 112           *
 113           * @note Called by phytsk.c
C51 COMPILER V9.60.0.0   EVENT                                                             11/30/2021 16:22:17 PAGE 3   

 114           */
 115          void callback_link_up (vtss_cport_no_t chip_port)
 116          {
 117   1          chip_port = chip_port;  /* make compiler happy */
 118   1      
 119   1      #if FRONT_LED_PRESENT
 120   1          led_refresh();
 121   1      #endif
 122   1      
 123   1      #if TRANSIT_LLDP
                  TASK(SUB_TASK_ID_LLDP_LINK,
                       lldp_set_port_enabled(cport2uport(chip_port), LLDP_TRUE));
              #endif /* TRANSIT_LLDP */
 127   1      
 128   1      #if TRANSIT_LACP
                  TASK(SUB_TASK_ID_LACP_LINK, vtss_lacp_linkstate_changed(OSINT2LACP(chip_port), VTSS_COMMON_LINKSTATE_U
             -P));
              #endif /* TRANSIT_LACP */
 131   1      
 132   1      #if TRANSIT_EEE
                  eee_port_link_up[cport2iport(chip_port)] = TRUE;
              #endif /* TRANSIT_EEE */
 135   1      
 136   1      #if TRANSIT_E2ETC
                  e2etc_latency_set(chip_port);
              #endif /* TRANSIT_E2ETC */
 139   1      }
 140          
 141          /**
 142           * Notify applications when link goes down on a port.
 143           *
 144           * @note Called by phytsk.c.
 145           */
 146          void callback_link_down (vtss_cport_no_t chip_port)
 147          {
 148   1          chip_port = chip_port;  /* make compiler happy */
 149   1      
 150   1      #if FRONT_LED_PRESENT
 151   1          led_refresh();
 152   1      #endif
 153   1      
 154   1      #if TRANSIT_LLDP
                  TASK(SUB_TASK_ID_LLDP_LINK,
                       lldp_set_port_enabled(cport2uport(chip_port), LLDP_FALSE));
              #endif /* TRANSIT_LLDP */
 158   1      
 159   1      #if TRANSIT_LACP
                  TASK(SUB_TASK_ID_LACP_LINK, vtss_lacp_linkstate_changed(OSINT2LACP(chip_port), VTSS_COMMON_LINKSTATE_D
             -OWN));
              #endif /* TRANSIT_LACP */
 162   1      
 163   1      #if TRANSIT_EEE
                  eee_port_link_change(cport2iport(chip_port), FALSE);
              #endif /* TRANSIT_EEE */
 166   1      }
 167          
 168          
 169          #if TRANSIT_EEE
              /**
               * Going into LPI will stress the DSP startup as it is not entirely
               * complete when link status becomes good and continues to train afterward.
               *
C51 COMPILER V9.60.0.0   EVENT                                                             11/30/2021 16:22:17 PAGE 4   

               * This requirement is noted in clause 22.6a.1 (for 100BASE-TX), 35.3a.1
               * (for 1000BASE-T), and 78.1.2.1.2 (for EEE as a whole).
               *
               * For EEE and it is highly desirable to have the 1 second delay from link
               * coming up prior to sending LPI.
               */
              void callback_delayed_eee_lpi(void)
              {
                  vtss_iport_no_t iport_idx;
              
                  for (iport_idx = 0; iport_idx < NO_OF_BOARD_PORTS; iport_idx++) {
                      if (eee_port_link_up[iport_idx]) {
                          eee_port_link_up[iport_idx] = FALSE;
                          eee_port_link_change(iport_idx, TRUE);
                      }
                  }
              }
              #endif /* TRANSIT_EEE */
 192          
 193          
 194          
 195          /****************************************************************************/
 196          /*                                                                          */
 197          /*  End of file.                                                            */
 198          /*                                                                          */
 199          /****************************************************************************/


MODULE INFORMATION:   STATIC OVERLAYABLE
   CODE SIZE        =      6    ----
   CONSTANT SIZE    =   ----    ----
   XDATA SIZE       =   ----    ----
   PDATA SIZE       =   ----    ----
   DATA SIZE        =   ----    ----
   IDATA SIZE       =   ----    ----
   BIT SIZE         =   ----    ----
END OF MODULE INFORMATION.


C51 COMPILATION COMPLETE.  0 WARNING(S),  0 ERROR(S)
