C51 COMPILER V9.60.0.0   H2E2ETC                                                           11/30/2021 16:22:22 PAGE 1   


C51 COMPILER V9.60.0.0, COMPILATION OF MODULE H2E2ETC
OBJECT MODULE PLACED IN ..\obj\h2e2etc.obj
COMPILER INVOKED BY: C:\Keil_v5\C51\BIN\C51.EXE ..\src\switch\h2e2etc.c LARGE OPTIMIZE(9,SIZE) INCDIR(c:\keil\c51\inc\wi
                    -nbond;..\src\config;..\src\config\proj_opt;..\src\cli;..\src\main;..\src\switch;..\src\phy;..\src\util;..\src\switch\vts
                    -s_api\base;..\src\switch\vtss_api\base\ocelot;..\src\switch\include;..\src\lldp;..\src\snmp;..\src\sw_lacp;..\src\eee;..
                    -\src\eee\base\include;..\src\fan;..\src\led;..\src\loop) DEFINE(VTSS_ARCH_OCELOT,FERRET_F5,PROJ_OPT=0) DEBUG OBJECTEXTEN
                    -D PRINT(..\lst\h2e2etc.lst) TABS(2) OBJECT(..\obj\h2e2etc.obj)

line level    source

   1          /*
   2          
   3           Copyright (c) 2017 Microsemi Corporation "Microsemi".
   4          
   5           Permission is hereby granted, free of charge, to any person obtaining a copy
   6           of this software and associated documentation files (the "Software"), to deal
   7           in the Software without restriction, including without limitation the rights
   8           to use, copy, modify, merge, publish, distribute, sublicense, and/or sell
   9           copies of the Software, and to permit persons to whom the Software is
  10           furnished to do so, subject to the following conditions:
  11          
  12           The above copyright notice and this permission notice shall be included in all
  13           copies or substantial portions of the Software.
  14          
  15           THE SOFTWARE IS PROVIDED "AS IS", WITHOUT WARRANTY OF ANY KIND, EXPRESS OR
  16           IMPLIED, INCLUDING BUT NOT LIMITED TO THE WARRANTIES OF MERCHANTABILITY,
  17           FITNESS FOR A PARTICULAR PURPOSE AND NONINFRINGEMENT. IN NO EVENT SHALL THE
  18           AUTHORS OR COPYRIGHT HOLDERS BE LIABLE FOR ANY CLAIM, DAMAGES OR OTHER
  19           LIABILITY, WHETHER IN AN ACTION OF CONTRACT, TORT OR OTHERWISE, ARISING FROM,
  20           OUT OF OR IN CONNECTION WITH THE SOFTWARE OR THE USE OR OTHER DEALINGS IN THE
  21           SOFTWARE.
  22          
  23          */
  24          
  25          #include "common.h"     /* Always include common.h at the first place of user-defined herder files */
  26          #include "h2e2etc.h"
  27          #include "h2io.h"
  28          #include "vtss_api_base_regs.h"
  29          #include "print.h"
  30          #include "phydrv.h"
  31          #include "hwport.h"
  32          #include "h2tcam.h"
  33          
  34          #if TRANSIT_E2ETC
              
              /*****************************************************************************
               *
               *
               * Defines
               *
               *
               *
               ****************************************************************************/
              
              /*****************************************************************************
               *
               *
               * Typedefs and enums
               *
               *
               *
C51 COMPILER V9.60.0.0   H2E2ETC                                                           11/30/2021 16:22:22 PAGE 2   

               ****************************************************************************/
              
              /*****************************************************************************
               *
               *
               * Public data
               *
               *
               *
               ****************************************************************************/
              
              /*****************************************************************************
               *
               *
               * Prototypes for local functions
               *
               *
               *
               ****************************************************************************/
              /*****************************************************************************
               *
               *
               * Local data
               *
               *
               *
               ****************************************************************************/
              
              /* Default latencies for different speeds */
              static u16 ingress_latency[] = {
                  //[LINK_MODE_SPEED_10]   
                  71+100,
                  //[LINK_MODE_SPEED_100]  
                  71+100,
                  //[LINK_MODE_SPEED_1000] 
                  71+16,
                  //[LINK_MODE_SPEED_2500] 
                  23+8
                 };
              static u16 egress_latency[] = {
                  //[LINK_MODE_SPEED_10]   
                  793+100,
                  //[LINK_MODE_SPEED_100]  
                  793+100,
                  //[LINK_MODE_SPEED_1000] 
                  153+16,
                  //[LINK_MODE_SPEED_2500] 
                   67+8
              };
               
              /* =================================================================
               * E2E - End to end transparent clock
               * =================================================================
               * Initialize PTP in CHIP
               *
               * Return : None
               * =================================================================
               */
              void h2_e2etc_init(void)
              {
                  vtss_iport_no_t port_ext;
                  e2etc_conf_t conf;
C51 COMPILER V9.60.0.0   H2E2ETC                                                           11/30/2021 16:22:22 PAGE 3   

              
                  conf.e2etc_ena =  TRUE;
                  for (port_ext = 1; port_ext <= NO_OF_BOARD_PORTS; port_ext++) {
                      if (port_ext > 8 && port_ext <11) {
                          /* Using default latencies for 1G ,adopted from vtss_serval_ts.c */
                          conf.ingress_latency = 71 + 16;
                          conf.egress_latency = 153 + 16;
                      } else {
                          /* Using default latencies for 2.5G ,adopted from vtss_serval_ts.c */
                          conf.ingress_latency = 23 + 8;
                          conf.egress_latency = 67 + 8;
                      }
                      h2_e2etc_conf_set(uport2cport(port_ext), &conf);
                  }
                  /* Create ACL to match any PTP_ETH and PTP_IP_UDP */
                  h2_tcam_e2e_tc_set(TCAM_E2E_TC_PTP_ETH);
              //    h2_tcam_e2e_tc_set(TCAM_E2E_TC_PTP_IP);
              //    h2_tcam_e2e_tc_set(TCAM_E2E_TC_PTP_IPV6);
              }
              
              void h2_e2etc_conf_set(const uchar chip_port,
                      const e2etc_conf_t * const conf) {
              
                  /* Enable or disable PTP */
                  H2_WRITE_MASKED(VTSS_DEVCPU_PTP_PTP_CFG_PTP_MISC_CFG,
                          VTSS_F_DEVCPU_PTP_PTP_CFG_PTP_MISC_CFG_PTP_ENA(conf->e2etc_ena),
                          VTSS_M_DEVCPU_PTP_PTP_CFG_PTP_MISC_CFG_PTP_ENA);
                  if (conf->e2etc_ena) {
                      /* Configuring defult ingress latency */
                      H2_WRITE_MASKED(VTSS_DEV_PORT_MODE_RX_PATH_DELAY(VTSS_TO_DEV(chip_port)),
                              VTSS_F_DEV_PORT_MODE_RX_PATH_DELAY_RX_PATH_DELAY(conf->ingress_latency),
                              VTSS_M_DEV_PORT_MODE_RX_PATH_DELAY_RX_PATH_DELAY);
                      /* Configuring defult egress latency */
                      H2_WRITE_MASKED(VTSS_DEV_PORT_MODE_TX_PATH_DELAY(VTSS_TO_DEV(chip_port)),
                              VTSS_F_DEV_PORT_MODE_TX_PATH_DELAY_TX_PATH_DELAY(conf->egress_latency),
                              VTSS_M_DEV_PORT_MODE_TX_PATH_DELAY_TX_PATH_DELAY);
                  }
              }
              
              void e2etc_latency_set(const uchar chip_port)
              {
                  uchar speed_and_fdx = phy_get_speed_and_fdx(chip_port);
                  uchar speed = speed_and_fdx & LINK_MODE_SPEED_MASK;
              
                  /* Configuring defult ingress latency */
                  H2_WRITE_MASKED(VTSS_DEV_PORT_MODE_RX_PATH_DELAY(VTSS_TO_DEV(chip_port)),
                          VTSS_F_DEV_PORT_MODE_RX_PATH_DELAY_RX_PATH_DELAY(ingress_latency[speed]),
                          VTSS_M_DEV_PORT_MODE_RX_PATH_DELAY_RX_PATH_DELAY);
                  /* Configuring defult egress latency */
                  H2_WRITE_MASKED(VTSS_DEV_PORT_MODE_TX_PATH_DELAY(VTSS_TO_DEV(chip_port)),
                          VTSS_F_DEV_PORT_MODE_TX_PATH_DELAY_TX_PATH_DELAY(egress_latency[speed]),
                          VTSS_M_DEV_PORT_MODE_TX_PATH_DELAY_TX_PATH_DELAY);
              }
              #endif


MODULE INFORMATION:   STATIC OVERLAYABLE
   CODE SIZE        =   ----    ----
   CONSTANT SIZE    =   ----    ----
   XDATA SIZE       =   ----    ----
   PDATA SIZE       =   ----    ----
   DATA SIZE        =   ----    ----
C51 COMPILER V9.60.0.0   H2E2ETC                                                           11/30/2021 16:22:22 PAGE 4   

   IDATA SIZE       =   ----    ----
   BIT SIZE         =   ----    ----
END OF MODULE INFORMATION.


C51 COMPILATION COMPLETE.  0 WARNING(S),  0 ERROR(S)
