C51 COMPILER V9.60.0.0   H2IOUTIL                                                          11/30/2021 16:22:19 PAGE 1   


C51 COMPILER V9.60.0.0, COMPILATION OF MODULE H2IOUTIL
OBJECT MODULE PLACED IN ..\obj\h2ioutil.obj
COMPILER INVOKED BY: C:\Keil_v5\C51\BIN\C51.EXE ..\src\switch\h2ioutil.c LARGE OPTIMIZE(9,SIZE) INCDIR(c:\keil\c51\inc\w
                    -inbond;..\src\config;..\src\config\proj_opt;..\src\cli;..\src\main;..\src\switch;..\src\phy;..\src\util;..\src\switch\vt
                    -ss_api\base;..\src\switch\vtss_api\base\ocelot;..\src\switch\include;..\src\lldp;..\src\snmp;..\src\sw_lacp;..\src\eee;.
                    -.\src\eee\base\include;..\src\fan;..\src\led;..\src\loop) DEFINE(VTSS_ARCH_OCELOT,FERRET_F5,PROJ_OPT=0) DEBUG OBJECTEXTE
                    -ND PRINT(..\lst\h2ioutil.lst) TABS(2) OBJECT(..\obj\h2ioutil.obj)

line level    source

   1          /*
   2          
   3           Copyright (c) 2017 Microsemi Corporation "Microsemi".
   4          
   5           Permission is hereby granted, free of charge, to any person obtaining a copy
   6           of this software and associated documentation files (the "Software"), to deal
   7           in the Software without restriction, including without limitation the rights
   8           to use, copy, modify, merge, publish, distribute, sublicense, and/or sell
   9           copies of the Software, and to permit persons to whom the Software is
  10           furnished to do so, subject to the following conditions:
  11          
  12           The above copyright notice and this permission notice shall be included in all
  13           copies or substantial portions of the Software.
  14          
  15           THE SOFTWARE IS PROVIDED "AS IS", WITHOUT WARRANTY OF ANY KIND, EXPRESS OR
  16           IMPLIED, INCLUDING BUT NOT LIMITED TO THE WARRANTIES OF MERCHANTABILITY,
  17           FITNESS FOR A PARTICULAR PURPOSE AND NONINFRINGEMENT. IN NO EVENT SHALL THE
  18           AUTHORS OR COPYRIGHT HOLDERS BE LIABLE FOR ANY CLAIM, DAMAGES OR OTHER
  19           LIABILITY, WHETHER IN AN ACTION OF CONTRACT, TORT OR OTHERWISE, ARISING FROM,
  20           OUT OF OR IN CONNECTION WITH THE SOFTWARE OR THE USE OR OTHER DEALINGS IN THE
  21           SOFTWARE.
  22          
  23          */
  24          
  25          #include "common.h"     /* Always include common.h at the first place of user-defined herder files */
  26          #include "vtss_api_base_regs.h"
  27          #include "h2io.h"
  28          #include "misc2.h"
  29          
  30          #pragma NOAREGS
  31          /*****************************************************************************
  32           *
  33           *
  34           * Defines
  35           *
  36           *
  37           *
  38           ****************************************************************************/
  39          
  40          /*****************************************************************************
  41           *
  42           *
  43           * Typedefs and enums
  44           *
  45           *
  46           *
  47           ****************************************************************************/
  48          
  49          /*****************************************************************************
  50           *
  51           *
C51 COMPILER V9.60.0.0   H2IOUTIL                                                          11/30/2021 16:22:19 PAGE 2   

  52           * Prototypes for local functions
  53           *
  54           *
  55           *
  56           ****************************************************************************/
  57          
  58          /*****************************************************************************
  59           *
  60           *
  61           * Local data
  62           *
  63           *
  64           *
  65           ****************************************************************************/
  66          
  67          /* ************************************************************************ */
  68          void h2_write_masked(ulong addr, ulong value, ulong mask)   small
  69          /* ------------------------------------------------------------------------ --
  70           * Purpose     : Update specified bit(s) of a switch chip register.
  71           * Remarks     : addr: Luton26 register address, see vtss_luton26_regs.h.
  72           *               value: Holds bits (in right positions) to be written.
  73           *               mask: Bit mask specifying the bits to be updated.
  74           * Restrictions:
  75           * See also    :
  76           * Example     :
  77           ****************************************************************************/
  78          {
  79   1          h2_write(addr, (h2_read(addr) & ~mask) | (value & mask));
  80   1      }


MODULE INFORMATION:   STATIC OVERLAYABLE
   CODE SIZE        =     81    ----
   CONSTANT SIZE    =   ----    ----
   XDATA SIZE       =   ----    ----
   PDATA SIZE       =   ----    ----
   DATA SIZE        =   ----      12
   IDATA SIZE       =   ----    ----
   BIT SIZE         =   ----    ----
END OF MODULE INFORMATION.


C51 COMPILATION COMPLETE.  0 WARNING(S),  0 ERROR(S)
