C51 COMPILER V9.60.0.0   H2VLAN                                                            11/30/2021 16:22:19 PAGE 1   


C51 COMPILER V9.60.0.0, COMPILATION OF MODULE H2VLAN
OBJECT MODULE PLACED IN ..\obj\h2vlan.obj
COMPILER INVOKED BY: C:\Keil_v5\C51\BIN\C51.EXE ..\src\switch\h2vlan.c LARGE OPTIMIZE(9,SIZE) INCDIR(c:\keil\c51\inc\win
                    -bond;..\src\config;..\src\config\proj_opt;..\src\cli;..\src\main;..\src\switch;..\src\phy;..\src\util;..\src\switch\vtss
                    -_api\base;..\src\switch\vtss_api\base\ocelot;..\src\switch\include;..\src\lldp;..\src\snmp;..\src\sw_lacp;..\src\eee;..\
                    -src\eee\base\include;..\src\fan;..\src\led;..\src\loop) DEFINE(VTSS_ARCH_OCELOT,FERRET_F5,PROJ_OPT=0) DEBUG OBJECTEXTEND
                    - PRINT(..\lst\h2vlan.lst) TABS(2) OBJECT(..\obj\h2vlan.obj)

line level    source

   1          /*
   2          
   3           Copyright (c) 2017 Microsemi Corporation "Microsemi".
   4          
   5           Permission is hereby granted, free of charge, to any person obtaining a copy
   6           of this software and associated documentation files (the "Software"), to deal
   7           in the Software without restriction, including without limitation the rights
   8           to use, copy, modify, merge, publish, distribute, sublicense, and/or sell
   9           copies of the Software, and to permit persons to whom the Software is
  10           furnished to do so, subject to the following conditions:
  11          
  12           The above copyright notice and this permission notice shall be included in all
  13           copies or substantial portions of the Software.
  14          
  15           THE SOFTWARE IS PROVIDED "AS IS", WITHOUT WARRANTY OF ANY KIND, EXPRESS OR
  16           IMPLIED, INCLUDING BUT NOT LIMITED TO THE WARRANTIES OF MERCHANTABILITY,
  17           FITNESS FOR A PARTICULAR PURPOSE AND NONINFRINGEMENT. IN NO EVENT SHALL THE
  18           AUTHORS OR COPYRIGHT HOLDERS BE LIABLE FOR ANY CLAIM, DAMAGES OR OTHER
  19           LIABILITY, WHETHER IN AN ACTION OF CONTRACT, TORT OR OTHERWISE, ARISING FROM,
  20           OUT OF OR IN CONNECTION WITH THE SOFTWARE OR THE USE OR OTHER DEALINGS IN THE
  21           SOFTWARE.
  22          
  23          */
  24          
  25          #include "common.h"     /* Always include common.h at the first place of user-defined herder files */
  26          #include "main.h"
  27          #include "timer.h"
  28          #include "vtss_api_base_regs.h"
  29          #include "h2io.h"
  30          #include "h2vlan.h"
  31          #include "misc2.h"
  32          #ifndef NDEBUG
              #include "print.h"
              #endif
  35          
  36          /*****************************************************************************
  37           *
  38           *
  39           * Defines
  40           *
  41           *
  42           *
  43           ****************************************************************************/
  44          
  45          /* VLAN table commands */
  46          #define VLAN_TAB_IDLE  0
  47          #define VLAN_TAB_READ  1
  48          #define VLAN_TAB_WRITE 2
  49          #define VLAN_TAB_CLEAR 3
  50          
  51          /*****************************************************************************
C51 COMPILER V9.60.0.0   H2VLAN                                                            11/30/2021 16:22:19 PAGE 2   

  52           *
  53           * Typedefs and enums
  54           *
  55           *
  56           *
  57           ****************************************************************************/
  58          
  59          
  60          /*****************************************************************************
  61           *
  62           *
  63           * Prototypes for local functions
  64           *
  65           *
  66           *
  67           ****************************************************************************/
  68          static void _h2_vlan_do_command(ulong aces_value);
  69          
  70          /*****************************************************************************
  71           *
  72           *
  73           * Local data
  74           *
  75           *
  76           *
  77           ****************************************************************************/
  78          
  79          /* ************************************************************************ */
  80          void h2_vlan_clear_tab (void)
  81          /* ------------------------------------------------------------------------ --
  82           * Purpose     : Clear vlan table in switch chip.
  83           * Remarks     :
  84           * Restrictions:
  85           * See also    :
  86           * Example     :
  87           ****************************************************************************/
  88          {
  89   1          _h2_vlan_do_command(VTSS_F_ANA_ANA_TABLES_VLANACCESS_VLAN_TBL_CMD(VLAN_TAB_CLEAR));
  90   1      }
  91          
  92          static void _h2_vlan_do_command(ulong aces_value)
  93          {
  94   1          ulong cmd;
  95   1      
  96   1          H2_WRITE(VTSS_ANA_ANA_TABLES_VLANACCESS, aces_value);
  97   1      
  98   1          start_timer(MSEC_1000);
  99   1          do {
 100   2              H2_READ(VTSS_ANA_ANA_TABLES_VLANACCESS, cmd);
 101   2          } while (VTSS_X_ANA_ANA_TABLES_VLANACCESS_VLAN_TBL_CMD(cmd) != VLAN_CMD_IDLE && !timeout());
 102   1      
 103   1      #ifndef NDEBUG
                  if (timeout()) {
                      println_str("%% Timeout when calling _h2_vlan_do_command()");
                  }
              #endif
 108   1      }


MODULE INFORMATION:   STATIC OVERLAYABLE
   CODE SIZE        =     73    ----
   CONSTANT SIZE    =   ----    ----
C51 COMPILER V9.60.0.0   H2VLAN                                                            11/30/2021 16:22:19 PAGE 3   

   XDATA SIZE       =   ----    ----
   PDATA SIZE       =   ----    ----
   DATA SIZE        =   ----    ----
   IDATA SIZE       =   ----    ----
   BIT SIZE         =   ----    ----
END OF MODULE INFORMATION.


C51 COMPILATION COMPLETE.  0 WARNING(S),  0 ERROR(S)
