C51 COMPILER V9.60.0.0   LLDP_SM                                                           11/30/2021 16:22:27 PAGE 1   


C51 COMPILER V9.60.0.0, COMPILATION OF MODULE LLDP_SM
OBJECT MODULE PLACED IN ..\obj\lldp_sm.obj
COMPILER INVOKED BY: C:\Keil_v5\C51\BIN\C51.EXE ..\src\lldp\lldp_sm.c LARGE OPTIMIZE(9,SIZE) INCDIR(c:\keil\c51\inc\winb
                    -ond;..\src\config;..\src\config\proj_opt;..\src\cli;..\src\main;..\src\switch;..\src\phy;..\src\util;..\src\switch\vtss_
                    -api\base;..\src\switch\vtss_api\base\ocelot;..\src\switch\include;..\src\lldp;..\src\snmp;..\src\sw_lacp;..\src\eee;..\s
                    -rc\eee\base\include;..\src\fan;..\src\led;..\src\loop) DEFINE(VTSS_ARCH_OCELOT,FERRET_F5,PROJ_OPT=0) DEBUG OBJECTEXTEND 
                    -PRINT(..\lst\lldp_sm.lst) TABS(2) OBJECT(..\obj\lldp_sm.obj)

line level    source

   1          /*
   2          
   3           Copyright (c) 2017 Microsemi Corporation "Microsemi".
   4          
   5           Permission is hereby granted, free of charge, to any person obtaining a copy
   6           of this software and associated documentation files (the "Software"), to deal
   7           in the Software without restriction, including without limitation the rights
   8           to use, copy, modify, merge, publish, distribute, sublicense, and/or sell
   9           copies of the Software, and to permit persons to whom the Software is
  10           furnished to do so, subject to the following conditions:
  11          
  12           The above copyright notice and this permission notice shall be included in all
  13           copies or substantial portions of the Software.
  14          
  15           THE SOFTWARE IS PROVIDED "AS IS", WITHOUT WARRANTY OF ANY KIND, EXPRESS OR
  16           IMPLIED, INCLUDING BUT NOT LIMITED TO THE WARRANTIES OF MERCHANTABILITY,
  17           FITNESS FOR A PARTICULAR PURPOSE AND NONINFRINGEMENT. IN NO EVENT SHALL THE
  18           AUTHORS OR COPYRIGHT HOLDERS BE LIABLE FOR ANY CLAIM, DAMAGES OR OTHER
  19           LIABILITY, WHETHER IN AN ACTION OF CONTRACT, TORT OR OTHERWISE, ARISING FROM,
  20           OUT OF OR IN CONNECTION WITH THE SOFTWARE OR THE USE OR OTHER DEALINGS IN THE
  21           SOFTWARE.
  22          
  23          */
  24          
  25          #include "common.h"     /* Always include common.h at the first place of user-defined herder files */
  26          #include "lldp_os.h"
  27          #include "lldp_sm.h"
  28          #include "lldp.h"
  29          #include "lldp_private.h"
  30          #include "vtss_common_os.h"
  31          #include "taskdef.h"
  32          #if TRANSIT_LLDP
              
              /*****************************************************************************
               *
               *
               * Defines
               *
               *
               *
               ****************************************************************************/
              
              /*
              ** Definitions for easing state machine implementation
              */
              
              #define SM_STATE(machine, state) \
              static void sm_ ## machine ## _ ## state ## _Enter(lldp_sm_t xdata * sm)
              
              #define SM_ENTRY(machine, _state, _data) SM_ENTRY_DBG(machine, _state, _data)
              
C51 COMPILER V9.60.0.0   LLDP_SM                                                           11/30/2021 16:22:27 PAGE 2   

              #define SM_ENTRY_DBG(machine, _state, _data) \
              if(sm->_data.state != _state){\
                VTSS_COMMON_TRACE(VTSS_COMMON_TRLVL_DEBUG, ("Port %u " #machine " -> " #_state, (unsigned)sm->port_no));
             -\
              }\
              sm->_data.state = _state;
              
              #define SM_ENTER(machine, state) sm_ ## machine ## _ ## state ## _Enter(sm)
              
              #define SM_STEP(machine) \
              static void sm_ ## machine ## _Step(lldp_sm_t xdata *sm)
              
              #define SM_STEP_RUN(machine) sm_ ## machine ## _Step(sm)
              
              
              /*
              ** Misc action functions
              */
              #define txInitializeLLDP() lldp_tx_initialize_lldp(sm)
              #define mibConstrInfoLLDPDU() lldp_construct_info_lldpdu(sm->port_no)
              #define mibConstrShutdownLLDPDU() lldp_construct_shutdown_lldpdu(sm->port_no)
              #define txFrame() lldp_tx_frame(sm->port_no)
              #define rxInitializeLLDP() lldp_rx_initialize_lldp (sm->port_no)
              #define rxProcessFrame() lldp_rx_process_frame(sm)
              
              /* These "functions" need not have a bodyas the MIB module fetches info from the lldp_remote module */
              #define mibDeleteObjects() VTSS_COMMON_TRACE(VTSS_COMMON_TRLVL_DEBUG, ("Port %u - mibDeleteObjects", (unsi
             -gned)sm->port_no));
              #define mibUpdateObjects() VTSS_COMMON_TRACE(VTSS_COMMON_TRLVL_DEBUG, ("Port %u - mibUpdateObjects", (unsi
             -gned)sm->port_no));
              
              /*****************************************************************************
               *
               *
               * Typedefs and enums
               *
               *
               *
               ****************************************************************************/
              
              /*****************************************************************************
               *
               *
               * Prototypes for local functions
               *
               *
               *
               ****************************************************************************/
              
              /*****************************************************************************
               *
               *
               * Public data
               *
               *
               *
               ****************************************************************************/
              
              /*****************************************************************************
               *
               *
               * Local data
C51 COMPILER V9.60.0.0   LLDP_SM                                                           11/30/2021 16:22:27 PAGE 3   

               *
               *
               *
               ****************************************************************************/
              
              /*
              ** in all of these functions, the variable sm is a pointer to the current
              ** set of state machine set
              */
              
              SM_STATE(TX, TX_LLDP_INITIALIZE)
              {
                  SM_ENTRY(TX, TX_LLDP_INITIALIZE, tx);
              
                  txInitializeLLDP();
              }
              
              SM_STATE(TX, TX_IDLE)
              {
                  lldp_timer_t msgTxInterval;
              
                  SM_ENTRY(TX, TX_IDLE, tx);
              
                  msgTxInterval = lldp_os_get_msg_tx_interval();
                  sm->tx.txTTL = MIN(65535, (msgTxInterval * lldp_os_get_msg_tx_hold()));
                  sm->timers.txTTR = msgTxInterval;
                  sm->tx.somethingChangedLocal = LLDP_FALSE;
                  sm->timers.txDelayWhile = lldp_os_get_tx_delay();
              
                  sm->tx.re_evaluate_timers = LLDP_FALSE;
              }
              
              SM_STATE(TX, TX_SHUTDOWN_FRAME)
              {
                  SM_ENTRY(TX, TX_SHUTDOWN_FRAME, tx);
              
                  mibConstrShutdownLLDPDU();
                  txFrame();
                  sm->timers.txShutdownWhile = lldp_os_get_reinit_delay();
              }
              
              SM_STATE(TX, TX_INFO_FRAME)
              {
                  SM_ENTRY(TX, TX_INFO_FRAME, tx)
                  mibConstrInfoLLDPDU();
                  txFrame();
              }
              
              SM_STEP(TX)
              {
                  if(sm->initialize || sm->portEnabled == LLDP_FALSE) {
                      SM_ENTER(TX, TX_LLDP_INITIALIZE);
                      return;
                  }
              
                  switch(sm->tx.state) {
                  case TX_LLDP_INITIALIZE:
                      if((sm->adminStatus == LLDP_ENABLED_RX_TX) || (sm->adminStatus == LLDP_ENABLED_TX_ONLY)) {
                          SM_ENTER(TX, TX_IDLE);
                      }
                      break;
              
C51 COMPILER V9.60.0.0   LLDP_SM                                                           11/30/2021 16:22:27 PAGE 4   

                  case TX_IDLE:
                      if((sm->adminStatus == LLDP_DISABLED) || (sm->adminStatus == LLDP_ENABLED_RX_ONLY)) {
                          TASK(SUB_TASK_ID_LLDP_TX, SM_ENTER(TX, TX_SHUTDOWN_FRAME));
                      } else if((sm->timers.txDelayWhile == 0) && ((sm->timers.txTTR == 0) || (sm->tx.somethingChangedLo
             -cal == LLDP_TRUE))) {
                          TASK(SUB_TASK_ID_LLDP_TX, SM_ENTER(TX, TX_INFO_FRAME));
                      } else if(sm->tx.re_evaluate_timers) {
                          SM_ENTER(TX, TX_IDLE);
                      }
                      break;
              
                  case TX_SHUTDOWN_FRAME:
                      if(sm->timers.txShutdownWhile == 0) {
                          SM_ENTER(TX, TX_LLDP_INITIALIZE);
                      }
                      break;
              
                  case TX_INFO_FRAME:
                      /* UCT */
                      SM_ENTER(TX, TX_IDLE);
                      break;
              
                  default:
                      VTSS_COMMON_TRACE(VTSS_COMMON_TRLVL_DEBUG, ("Port %u - Unhandled TX state %u", (unsigned)sm->port_
             -no, (unsigned)sm->tx.state));
                      break;
                  }
              }
              
              
              
              SM_STATE(RX, LLDP_WAIT_PORT_OPERATIONAL)
              {
                  SM_ENTRY(RX, LLDP_WAIT_PORT_OPERATIONAL, rx);
              }
              
              SM_STATE(RX, DELETE_AGED_INFO)
              {
                  SM_ENTRY(RX, DELETE_AGED_INFO, rx);
              
                  sm->rx.somethingChangedRemote = LLDP_FALSE;
                  mibDeleteObjects();
                  sm->rx.rxInfoAge = LLDP_FALSE;
                  sm->rx.somethingChangedRemote = LLDP_TRUE;
              }
              
              SM_STATE(RX, RX_LLDP_INITIALIZE)
              {
                  SM_ENTRY(RX, RX_LLDP_INITIALIZE, rx);
              
                  rxInitializeLLDP();
                  sm->rx.rcvFrame = LLDP_FALSE;
              }
              
              SM_STATE(RX, RX_WAIT_FOR_FRAME)
              {
                  SM_ENTRY(RX, RX_WAIT_FOR_FRAME, rx);
              
                  sm->rx.badFrame = LLDP_FALSE;
                  sm->rx.rxInfoAge = LLDP_FALSE;
                  sm->rx.somethingChangedRemote = LLDP_FALSE;
              }
C51 COMPILER V9.60.0.0   LLDP_SM                                                           11/30/2021 16:22:27 PAGE 5   

              
              SM_STATE(RX, RX_FRAME)
              {
                  SM_ENTRY(RX, RX_FRAME, rx);
              
                  sm->rx.badFrame = LLDP_FALSE;
                  sm->rx.rxChanges = LLDP_FALSE;
                  sm->rx.rcvFrame = LLDP_FALSE;
                  rxProcessFrame();
              }
              
              SM_STATE(RX, DELETE_INFO)
              {
                  SM_ENTRY(RX, DELETE_INFO, rx);
              
                  mibDeleteObjects();
                  sm->rx.somethingChangedRemote = LLDP_TRUE;
              }
              
              SM_STATE(RX, UPDATE_INFO)
              {
                  SM_ENTRY(RX, UPDATE_INFO, rx);
              
                  mibUpdateObjects();
                  sm->rx.somethingChangedRemote = LLDP_TRUE;
              }
              
              SM_STEP(RX)
              {
                  if(sm->initialize || ((sm->rx.rxInfoAge == LLDP_FALSE) && (sm->portEnabled == LLDP_FALSE))) {
                      SM_ENTER(RX, LLDP_WAIT_PORT_OPERATIONAL);
                      return;
                  }
              
                  switch(sm->rx.state) {
                  case LLDP_WAIT_PORT_OPERATIONAL:
                      if(sm->rx.rxInfoAge == LLDP_TRUE) {
                          SM_ENTER(RX, DELETE_AGED_INFO);
                      } else {
                          SM_ENTER(RX, RX_LLDP_INITIALIZE);
                      }
                      break;
              
                  case DELETE_AGED_INFO:
                      /* UCT */
                      SM_ENTER(RX, LLDP_WAIT_PORT_OPERATIONAL);
                      break;
              
                  case RX_LLDP_INITIALIZE:
                      if((sm->adminStatus == LLDP_ENABLED_RX_TX) ||
                              (sm->adminStatus == LLDP_ENABLED_RX_ONLY)) {
                          SM_ENTER(RX, RX_WAIT_FOR_FRAME);
                      }
                      /* IEEE802.1AB doesn't specifically specify that we shall clear rcvFrame, but in practise
                      ** if we don't do it, we might end up trying to read and parse arbitrary input data
                      ** because the rcvFrame is stuck with being TRUE until rx is enabled */
                      else {
                          /* this effectively throws away "old frames" when rx is disabled */
                          sm->rx.rcvFrame = LLDP_FALSE;
                      }
                      break;
              
C51 COMPILER V9.60.0.0   LLDP_SM                                                           11/30/2021 16:22:27 PAGE 6   

                  case RX_WAIT_FOR_FRAME:
                      if(sm->rx.rxInfoAge == LLDP_TRUE) {
                          SM_ENTER(RX, DELETE_INFO);
                      } else if(sm->rx.rcvFrame == LLDP_TRUE) {
                          SM_ENTER(RX, RX_FRAME);
                      } else if((sm->adminStatus == LLDP_DISABLED) ||
                                (sm->adminStatus == LLDP_ENABLED_TX_ONLY)) {
                          SM_ENTER(RX, RX_LLDP_INITIALIZE);
                      }
                      break;
              
                  case RX_FRAME:
                      if(sm->rx.rxTTL == 0) {
                          SM_ENTER(RX, DELETE_INFO);
                      } else if((sm->rx.rxTTL != 0) && (sm->rx.rxChanges == LLDP_TRUE)) {
                          SM_ENTER(RX, UPDATE_INFO);
                      } else if((sm->rx.badFrame == LLDP_TRUE) || ((sm->rx.rxTTL != 0) && (sm->rx.rxChanges == LLDP_FALS
             -E))) {
                          SM_ENTER(RX, RX_WAIT_FOR_FRAME);
                      }
                      break;
              
                  case UPDATE_INFO:
                      /* UCT */
                      SM_ENTER(RX, RX_WAIT_FOR_FRAME);
                      break;
              
                  case DELETE_INFO:
                      /* UCT */
                      SM_ENTER(RX, RX_WAIT_FOR_FRAME);
                      break;
              
                  default:
                      VTSS_COMMON_TRACE(VTSS_COMMON_TRLVL_DEBUG, ("Port %u - Unhandled RX state %u", (unsigned)sm->port_
             -no, (unsigned)sm->rx.state));
                      break;
                  }
              }
              
              /*
              ** Step state machines
              */
              
              void lldp_sm_step (lldp_sm_t xdata * sm)
              {
                  lldp_u8_t prev_tx;
                  lldp_u8_t prev_rx;
              
                  do {
                      /* register previous states of state machines */
                      prev_tx = sm->tx.state;
                      prev_rx = sm->rx.state;
              
                      /* run state machines */
                      SM_STEP_RUN(TX);
                      SM_STEP_RUN(RX);
              
                      /* repeat until no changes */
                  } while ( prev_tx != sm->tx.state ||
                            prev_rx != sm->rx.state );
              }
              
C51 COMPILER V9.60.0.0   LLDP_SM                                                           11/30/2021 16:22:27 PAGE 7   

              void lldp_sm_init (lldp_sm_t xdata * sm, lldp_port_t port)
              {
                  VTSS_COMMON_TRACE(VTSS_COMMON_TRLVL_DEBUG, ("Port %u - initializing", (unsigned)port));
              
                  sm->port_no = port;
                  sm->adminStatus = lldp_os_get_admin_status(port);
              
                  /*
                  ** set initialize, and step machine single time before de-asserting initialize
                  */
              
                  sm->portEnabled = LLDP_FALSE;
              
                  lldp_sm_step(sm);
                  sm->initialize = LLDP_FALSE;
              }
              
              void lldp_port_timers_tick(lldp_sm_t xdata *sm)
              {
                  /* Timer handling */
              
                  if(sm->timers.txShutdownWhile > 0) {
                      sm->timers.txShutdownWhile--;
                  }
              
                  if(sm->timers.txDelayWhile > 0) {
                      sm->timers.txDelayWhile--;
                  }
              
                  if(sm->timers.txTTR > 0) {
                      sm->timers.txTTR--;
                  }
              
                  /* step state machines */
                  lldp_sm_step(sm);
              }
              
              #endif
 393          


MODULE INFORMATION:   STATIC OVERLAYABLE
   CODE SIZE        =   ----    ----
   CONSTANT SIZE    =   ----    ----
   XDATA SIZE       =   ----    ----
   PDATA SIZE       =   ----    ----
   DATA SIZE        =   ----    ----
   IDATA SIZE       =   ----    ----
   BIT SIZE         =   ----    ----
END OF MODULE INFORMATION.


C51 COMPILATION COMPLETE.  0 WARNING(S),  0 ERROR(S)
