C51 COMPILER V9.60.0.0   LLDP_TLV                                                          11/30/2021 16:22:27 PAGE 1   


C51 COMPILER V9.60.0.0, COMPILATION OF MODULE LLDP_TLV
OBJECT MODULE PLACED IN ..\obj\lldp_tlv.obj
COMPILER INVOKED BY: C:\Keil_v5\C51\BIN\C51.EXE ..\src\lldp\lldp_tlv.c LARGE OPTIMIZE(9,SIZE) INCDIR(c:\keil\c51\inc\win
                    -bond;..\src\config;..\src\config\proj_opt;..\src\cli;..\src\main;..\src\switch;..\src\phy;..\src\util;..\src\switch\vtss
                    -_api\base;..\src\switch\vtss_api\base\ocelot;..\src\switch\include;..\src\lldp;..\src\snmp;..\src\sw_lacp;..\src\eee;..\
                    -src\eee\base\include;..\src\fan;..\src\led;..\src\loop) DEFINE(VTSS_ARCH_OCELOT,FERRET_F5,PROJ_OPT=0) DEBUG OBJECTEXTEND
                    - PRINT(..\lst\lldp_tlv.lst) TABS(2) OBJECT(..\obj\lldp_tlv.obj)

line level    source

   1          /*
   2          
   3           Copyright (c) 2017 Microsemi Corporation "Microsemi".
   4          
   5           Permission is hereby granted, free of charge, to any person obtaining a copy
   6           of this software and associated documentation files (the "Software"), to deal
   7           in the Software without restriction, including without limitation the rights
   8           to use, copy, modify, merge, publish, distribute, sublicense, and/or sell
   9           copies of the Software, and to permit persons to whom the Software is
  10           furnished to do so, subject to the following conditions:
  11          
  12           The above copyright notice and this permission notice shall be included in all
  13           copies or substantial portions of the Software.
  14          
  15           THE SOFTWARE IS PROVIDED "AS IS", WITHOUT WARRANTY OF ANY KIND, EXPRESS OR
  16           IMPLIED, INCLUDING BUT NOT LIMITED TO THE WARRANTIES OF MERCHANTABILITY,
  17           FITNESS FOR A PARTICULAR PURPOSE AND NONINFRINGEMENT. IN NO EVENT SHALL THE
  18           AUTHORS OR COPYRIGHT HOLDERS BE LIABLE FOR ANY CLAIM, DAMAGES OR OTHER
  19           LIABILITY, WHETHER IN AN ACTION OF CONTRACT, TORT OR OTHERWISE, ARISING FROM,
  20           OUT OF OR IN CONNECTION WITH THE SOFTWARE OR THE USE OR OTHER DEALINGS IN THE
  21           SOFTWARE.
  22          
  23          */
  24          
  25          #include "common.h"     /* Always include common.h at the first place of user-defined herder files */
  26          
  27          #include "lldp_sm.h"
  28          #include "lldp.h"
  29          #include "vtss_common_os.h"
  30          #include "lldp_tlv.h"
  31          #include "lldp_private.h"
  32          #include "mib_common.h"
  33          #if TRANSIT_EEE_LLDP
              #include "eee_api.h"
              #include "eee_base_api.h"
              #endif
  37          
  38          #if TRANSIT_LLDP
              
              /*****************************************************************************
               *
               *
               * Defines
               *
               *
               *
               ****************************************************************************/
              
              /*****************************************************************************
               *
               *
C51 COMPILER V9.60.0.0   LLDP_TLV                                                          11/30/2021 16:22:27 PAGE 2   

               * Typedefs and enums
               *
               *
               *
               ****************************************************************************/
              
              /*****************************************************************************
               *
               *
               * Prototypes for local functions
               *
               *
               *
               ****************************************************************************/
              static lldp_u16_t append_chassis_id (lldp_u8_t xdata * buf);
              static void set_tlv_type_and_length (lldp_u8_t xdata * buf, lldp_u8_t tlv_type, lldp_u16_t tlv_info_string
             -_len);
              static lldp_u16_t append_port_id (lldp_u8_t xdata * buf, lldp_port_t port);
              static lldp_u16_t append_ttl (lldp_u8_t xdata * buf, lldp_port_t port);
              static lldp_u16_t append_end_of_pdu (void);
              static lldp_u16_t append_port_descr (lldp_u8_t xdata * buf, lldp_port_t port);
              static lldp_u16_t append_system_name (lldp_u8_t xdata * buf);
              static lldp_u16_t append_system_descr (lldp_u8_t xdata * buf);
              static lldp_u16_t append_system_capabilities (lldp_u8_t xdata * buf);
              static lldp_u16_t append_mgmt_address (lldp_u8_t xdata * buf, lldp_port_t port);
              #if TRANSIT_EEE_LLDP
              static lldp_u16_t append_eee_l2_capability (lldp_u8_t xdata * buf, lldp_port_t port);
              #endif
              /*****************************************************************************
               *
               *
               * Public data
               *
               *
               *
               ****************************************************************************/
              
              /*****************************************************************************
               *
               *
               * Local data
               *
               *
               *
               ****************************************************************************/
              
              lldp_u16_t lldp_tlv_add (lldp_u8_t xdata * buf, lldp_u16_t cur_len, lldp_tlv_t tlv, lldp_port_t port)
              {
                  lldp_u16_t tlv_info_len = 0;
              
                  switch(tlv) {
                  case LLDP_TLV_BASIC_MGMT_CHASSIS_ID:
                      tlv_info_len = append_chassis_id(buf + 2);
                      break;
              
                  case LLDP_TLV_BASIC_MGMT_PORT_ID:
                      tlv_info_len = append_port_id(buf + 2, port);
                      break;
              
                  case LLDP_TLV_BASIC_MGMT_TTL:
                      tlv_info_len = append_ttl(buf + 2, port);
                      break;
C51 COMPILER V9.60.0.0   LLDP_TLV                                                          11/30/2021 16:22:27 PAGE 3   

              
                  case LLDP_TLV_BASIC_MGMT_END_OF_LLDPDU:
                      tlv_info_len = append_end_of_pdu();
                      break;
              
              #if !TRANSIT_LLDP_REDUCED
                  case LLDP_TLV_BASIC_MGMT_PORT_DESCR:
                      tlv_info_len = append_port_descr(buf + 2, port);
                      break;
              
                  case LLDP_TLV_BASIC_MGMT_SYSTEM_NAME:
                      tlv_info_len = append_system_name(buf + 2);
                      break;
              
                  case LLDP_TLV_BASIC_MGMT_SYSTEM_DESCR:
                      tlv_info_len = append_system_descr(buf + 2);
                      break;
              
                  case LLDP_TLV_BASIC_MGMT_SYSTEM_CAPA:
                      tlv_info_len = append_system_capabilities(buf + 2);
                      break;
              
                  case LLDP_TLV_BASIC_MGMT_MGMT_ADDR:
                      /* we only include the IP mgmt address if IP is enabled */
                      if(lldp_os_get_ip_enabled()) {
                          tlv_info_len = append_mgmt_address(buf + 2, port);
                      } else {
                          /* not included, return current length */
                          return cur_len;
                      }
                      break;
              #endif
              
              #if TRANSIT_EEE_LLDP
                  case LLDP_TLV_ORG_EEE_TLV:
                      /* we only include the 802.3az information when PHY is supported. */
                      tlv_info_len = append_eee_l2_capability(buf + 2 , port);
                      /* not included, return current length */
                      if(!tlv_info_len)
                          return cur_len;
                      break;
              #endif
                  default:
                      VTSS_COMMON_TRACE(VTSS_COMMON_TRLVL_DEBUG, ("Unhandled TLV Type %u", (unsigned)tlv));
                      return cur_len;
                      break;
                  }
              
              #if TRANSIT_EEE_LLDP
                  if(tlv == LLDP_TLV_ORG_EEE_TLV) {
                      set_tlv_type_and_length (buf, LLDP_TLV_ORG_TLV, tlv_info_len);
                  } else
              #endif
                      set_tlv_type_and_length (buf, tlv, tlv_info_len);
                  /* add additional 2 octets for header */
                  return cur_len + 2 + tlv_info_len;
              }
              
              lldp_u16_t lldp_tlv_add_zero_ttl (lldp_u8_t xdata * buf, lldp_u16_t cur_len)
              {
                  buf[2] = 0;
                  buf[3] = 0;
C51 COMPILER V9.60.0.0   LLDP_TLV                                                          11/30/2021 16:22:27 PAGE 4   

                  set_tlv_type_and_length (buf, LLDP_TLV_BASIC_MGMT_TTL, 2);
                  return cur_len + 4;
              }
              
              #if 0
              lldp_u32_t lldp_tlv_mgmt_addr_len (void)
              {
                  return 5;
              }
              #endif
              
              
              
              lldp_u8_t lldp_tlv_get_local_port_id (lldp_port_t port, lldp_u8_t xdata* port_str)
              {
                  lldp_u8_t len;
                  /*
                  ** for port id, we append "locally assigned" port id and just use the physical port number
                  ** as local identifier
                  */
                  if(port > 9) {
                      port_str[0] = '0' + (port / 10);
                      port_str[1] = '0' + (port % 10);
                      len = 2;
                  } else {
                      port_str[0] = '0' + port;
                      len = 1;
                  }
                  return len;
              }
              
              
              static void set_tlv_type_and_length (lldp_u8_t xdata * buf, lldp_u8_t tlv_type, lldp_u16_t tlv_info_string
             -_len)
              {
                  buf[0] = (0xfe & (tlv_type << 1)) | (tlv_info_string_len >> 7);
                  buf[1] = tlv_info_string_len & 0xFF;
              }
              
              static lldp_u16_t append_chassis_id (lldp_u8_t xdata * buf)
              {
                  vtss_common_macaddr_t mac_addr;
              
                  /*
                  ** we append MAC address, which gives us length MAC_ADDRESS + Chassis id Subtype, hence
                  ** information string length = 7
                  */
                  buf[0] = lldp_tlv_get_chassis_id_subtype(); /* chassis ID subtype */
                  vtss_os_get_systemmac(&mac_addr);
                  memcpy(&buf[1], mac_addr.macaddr, VTSS_COMMON_MACADDR_SIZE);
                  return 7;
              }
              
              static lldp_u16_t append_port_id (lldp_u8_t xdata * buf, lldp_port_t port)
              {
                  lldp_u8_t len;
              
                  buf[0] = lldp_tlv_get_port_id_subtype(); /* Port ID subtype */
                  len = lldp_tlv_get_local_port_id(port, &buf[1]);
                  return 1 + len;
              }
              
C51 COMPILER V9.60.0.0   LLDP_TLV                                                          11/30/2021 16:22:27 PAGE 5   

              static lldp_u16_t append_ttl (lldp_u8_t xdata * buf, lldp_port_t port)
              {
                  lldp_sm_t xdata * sm;
                  sm = lldp_get_port_sm(port);
              
                  buf[0] = HIGH_BYTE(sm->tx.txTTL);
                  buf[1] = LOW_BYTE(sm->tx.txTTL);
              
                  return 2;
              }
              
              static lldp_u16_t append_end_of_pdu (void)
              {
                  return 0;
              }
              
              #if !TRANSIT_LLDP_REDUCED
              static lldp_u16_t append_port_descr (lldp_u8_t xdata * buf, lldp_port_t port)
              {
                  lldp_tlv_get_port_descr(port, buf);
                  return strlen(buf);
              }
              
              static lldp_u16_t append_system_name (lldp_u8_t xdata * buf)
              {
                  lldp_tlv_get_system_name(buf);
                  return strlen(buf);
              }
              
              static lldp_u16_t append_system_descr (lldp_u8_t xdata * buf)
              {
                  lldp_tlv_get_system_descr(buf);
                  return strlen(buf);
              }
              
              static lldp_u16_t append_system_capabilities (lldp_u8_t xdata * buf)
              {
                  /*
                  ** The Microsemi implementation of LLDP always (at least at the time of writing)
                  ** runs on a bridge (that has bridging enabled)
                  */
                  buf[0] = 0;
                  buf[1] = 4;
                  buf[2] = 0;
                  buf[3] = 4;
                  return 4;
              }
              
              static lldp_u16_t append_mgmt_address (lldp_u8_t xdata * buf, lldp_port_t port)
              {
                  lldp_u32_t mgmt_if_index = mib_common_get_ip_if_index();
                  /* we receive a port parameter even though we don't care about it here
                  ** (more exotic future implementations might have management addresses
                  ** per-vlan, so the port is included to support this in some sense.
                  */
                  port = port;
              
                  /* management address length = length(subtype + address) */
                  buf[0] = 5;
              
                  /* management address subtype */
                  buf[1] = 1; /* IPv4 */
C51 COMPILER V9.60.0.0   LLDP_TLV                                                          11/30/2021 16:22:27 PAGE 6   

              
                  /* IPv4 Address */
                  lldp_os_get_ip_address(&buf[2]);
              
                  /* Interface Numbering subtype */
                  buf[6] = 2; /* ifIndex */
              
                  /* Interface number */
                  buf[7]  = (mgmt_if_index >> 24) & 0xFF;
                  buf[8]  = (mgmt_if_index >> 16) & 0xFF;
                  buf[9]  = (mgmt_if_index >>  8) & 0xFF;
                  buf[10] = (mgmt_if_index >>  0) & 0xFF;
              
                  /* OID Length */
                  buf[11] = 0;
              
                  /* if this function changes, make sure to update the lldp_tlv_mgmt_addr_len()
                  ** function with the correct value: (from the MIB definition)
                  ** "The total length of the management address subtype and the
                  ** management address fields in LLDPDUs transmitted by the
                  ** local LLDP agent."
                  */
                  return 12;
              }
              #endif
              
              #if TRANSIT_EEE_LLDP
              static lldp_u16_t append_eee_l2_capability (lldp_u8_t xdata * buf, lldp_port_t port)
              {
                  ushort value;
              
                  vtss_iport_no_t     iport = uport2iport(port);;
              
                  if(!read_eee_conf_mode(iport))
                      return 0; // EEE is supported bewteen local or link partner.
              
                  memcpy(buf, ieee_802_3_oui_header, 3);
                  buf[3] = 0x05; /* 802.3 Subtype 0x05, Table 79–1, IEEE802.3az D3*/
              
                  /* The following information is based on a port */
                  value = eee_transmit_time(iport);
                  memcpy(&buf[4], (uchar *) &value, 2);
                  value = eee_receive_time(iport);
                  memcpy(&buf[6], (uchar *) &value, 2);
                  value = eee_fallback_receive_time(iport);
                  memcpy(&buf[8], (uchar *) &value, 2);
                  value = eee_echo_transmit_time(iport);
                  memcpy(&buf[10], (uchar *) &value, 2);
                  value = eee_echo_receive_time(iport);
                  memcpy(&buf[12], (uchar *) &value, 2);
              
                  return 14;
              }
              #endif
              
              #endif
 354          


MODULE INFORMATION:   STATIC OVERLAYABLE
   CODE SIZE        =   ----    ----
   CONSTANT SIZE    =   ----    ----
C51 COMPILER V9.60.0.0   LLDP_TLV                                                          11/30/2021 16:22:27 PAGE 7   

   XDATA SIZE       =   ----    ----
   PDATA SIZE       =   ----    ----
   DATA SIZE        =   ----    ----
   IDATA SIZE       =   ----    ----
   BIT SIZE         =   ----    ----
END OF MODULE INFORMATION.


C51 COMPILATION COMPLETE.  0 WARNING(S),  0 ERROR(S)
