C51 COMPILER V9.60.0.0   MIB_COMMON                                                        11/30/2021 16:22:27 PAGE 1   


C51 COMPILER V9.60.0.0, COMPILATION OF MODULE MIB_COMMON
OBJECT MODULE PLACED IN ..\obj\mib_common.obj
COMPILER INVOKED BY: C:\Keil_v5\C51\BIN\C51.EXE ..\src\snmp\mib_common.c LARGE OPTIMIZE(9,SIZE) INCDIR(c:\keil\c51\inc\w
                    -inbond;..\src\config;..\src\config\proj_opt;..\src\cli;..\src\main;..\src\switch;..\src\phy;..\src\util;..\src\switch\vt
                    -ss_api\base;..\src\switch\vtss_api\base\ocelot;..\src\switch\include;..\src\lldp;..\src\snmp;..\src\sw_lacp;..\src\eee;.
                    -.\src\eee\base\include;..\src\fan;..\src\led;..\src\loop) DEFINE(VTSS_ARCH_OCELOT,FERRET_F5,PROJ_OPT=0) DEBUG OBJECTEXTE
                    -ND PRINT(..\lst\mib_common.lst) TABS(2) OBJECT(..\obj\mib_common.obj)

line level    source

   1          /*
   2          
   3           Copyright (c) 2017 Microsemi Corporation "Microsemi".
   4          
   5           Permission is hereby granted, free of charge, to any person obtaining a copy
   6           of this software and associated documentation files (the "Software"), to deal
   7           in the Software without restriction, including without limitation the rights
   8           to use, copy, modify, merge, publish, distribute, sublicense, and/or sell
   9           copies of the Software, and to permit persons to whom the Software is
  10           furnished to do so, subject to the following conditions:
  11          
  12           The above copyright notice and this permission notice shall be included in all
  13           copies or substantial portions of the Software.
  14          
  15           THE SOFTWARE IS PROVIDED "AS IS", WITHOUT WARRANTY OF ANY KIND, EXPRESS OR
  16           IMPLIED, INCLUDING BUT NOT LIMITED TO THE WARRANTIES OF MERCHANTABILITY,
  17           FITNESS FOR A PARTICULAR PURPOSE AND NONINFRINGEMENT. IN NO EVENT SHALL THE
  18           AUTHORS OR COPYRIGHT HOLDERS BE LIABLE FOR ANY CLAIM, DAMAGES OR OTHER
  19           LIABILITY, WHETHER IN AN ACTION OF CONTRACT, TORT OR OTHERWISE, ARISING FROM,
  20           OUT OF OR IN CONNECTION WITH THE SOFTWARE OR THE USE OR OTHER DEALINGS IN THE
  21           SOFTWARE.
  22          
  23          */
  24          
  25          #include "common.h"     /* Always include common.h at the first place of user-defined herder files */
  26          
  27          #include "uartdrv.h"
  28          #include "print.h"
  29          #include "snmpconfig.h"
  30          #include "txt.h"
  31          #include "version.h"
  32          
  33          #ifndef TRANSIT_SNMP
              #define TRANSIT_SNMP 0
              #endif
  36          
  37          #if TRANSIT_SNMP || TRANSIT_LLDP
              /*****************************************************************************
               *
               *
               * Defines
               *
               *
               *
               ****************************************************************************/
              
              /*****************************************************************************
               *
               *
               * Typedefs and enums
               *
C51 COMPILER V9.60.0.0   MIB_COMMON                                                        11/30/2021 16:22:27 PAGE 2   

               *
               *
               ****************************************************************************/
              
              /*****************************************************************************
               *
               *
               * Prototypes for local functions
               *
               *
               *
               ****************************************************************************/
              
              #if !TRANSIT_LLDP_REDUCED
              void mib_common_get_if_descr (uchar port_no, uchar xdata * dest)
              {
                  uart_redirect(dest);
                  print_str(SNMP_IFTABLE_DESCR_PREFIX);
                  print_dec(port_no);
                  uart_redirect(0);
              }
              
              ulong mib_common_get_ip_if_index (void)
              {
                  return SNMP_IFTABLE_CPU_INDEX;
              }
              
              void mib_common_get_sys_descr (uchar xdata * dest)
              {
                  uart_redirect(dest);
                  print_txt(TXT_NO_SWITCH_NAME);
                  print_spaces(1);
                  print_ch('-');
                  print_spaces(1);
                  print_str(SW_VERSION);
                  uart_redirect(0);
              }
              #endif
              
              #endif


MODULE INFORMATION:   STATIC OVERLAYABLE
   CODE SIZE        =   ----    ----
   CONSTANT SIZE    =   ----    ----
   XDATA SIZE       =   ----    ----
   PDATA SIZE       =   ----    ----
   DATA SIZE        =   ----    ----
   IDATA SIZE       =   ----    ----
   BIT SIZE         =   ----    ----
END OF MODULE INFORMATION.


C51 COMPILATION COMPLETE.  0 WARNING(S),  0 ERROR(S)
