C51 COMPILER V9.60.0.0   PHY_QUATTRO                                                       11/30/2021 16:22:25 PAGE 1   


C51 COMPILER V9.60.0.0, COMPILATION OF MODULE PHY_QUATTRO
OBJECT MODULE PLACED IN ..\obj\phy_quattro.obj
COMPILER INVOKED BY: C:\Keil_v5\C51\BIN\C51.EXE ..\src\phy\phy_quattro.c LARGE OPTIMIZE(9,SIZE) INCDIR(c:\keil\c51\inc\w
                    -inbond;..\src\config;..\src\config\proj_opt;..\src\cli;..\src\main;..\src\switch;..\src\phy;..\src\util;..\src\switch\vt
                    -ss_api\base;..\src\switch\vtss_api\base\ocelot;..\src\switch\include;..\src\lldp;..\src\snmp;..\src\sw_lacp;..\src\eee;.
                    -.\src\eee\base\include;..\src\fan;..\src\led;..\src\loop) DEFINE(VTSS_ARCH_OCELOT,FERRET_F5,PROJ_OPT=0) DEBUG OBJECTEXTE
                    -ND PRINT(..\lst\phy_quattro.lst) TABS(2) OBJECT(..\obj\phy_quattro.obj)

line level    source

   1          /*
   2          
   3           Copyright (c) 2017 Microsemi Corporation "Microsemi".
   4          
   5           Permission is hereby granted, free of charge, to any person obtaining a copy
   6           of this software and associated documentation files (the "Software"), to deal
   7           in the Software without restriction, including without limitation the rights
   8           to use, copy, modify, merge, publish, distribute, sublicense, and/or sell
   9           copies of the Software, and to permit persons to whom the Software is
  10           furnished to do so, subject to the following conditions:
  11          
  12           The above copyright notice and this permission notice shall be included in all
  13           copies or substantial portions of the Software.
  14          
  15           THE SOFTWARE IS PROVIDED "AS IS", WITHOUT WARRANTY OF ANY KIND, EXPRESS OR
  16           IMPLIED, INCLUDING BUT NOT LIMITED TO THE WARRANTIES OF MERCHANTABILITY,
  17           FITNESS FOR A PARTICULAR PURPOSE AND NONINFRINGEMENT. IN NO EVENT SHALL THE
  18           AUTHORS OR COPYRIGHT HOLDERS BE LIABLE FOR ANY CLAIM, DAMAGES OR OTHER
  19           LIABILITY, WHETHER IN AN ACTION OF CONTRACT, TORT OR OTHERWISE, ARISING FROM,
  20           OUT OF OR IN CONNECTION WITH THE SOFTWARE OR THE USE OR OTHER DEALINGS IN THE
  21           SOFTWARE.
  22          
  23          */
  24          
  25          #include "common.h"     /* Always include common.h at the first place of user-defined herder files */
  26          #include "timer.h"
  27          #include "print.h"
  28          
  29          #include "phydrv.h"
  30          #include "phy_base.h"
  31          #include "phy_family.h"
  32          
  33          #define PHY_DEBUG (0)
  34          
  35          #if VTSS_QUATTRO
              
              /****************************************************************************
               *
               *
               * Defines
               *
               *
               ****************************************************************************/
              
              /****************************************************************************
               *
               *
               * Typedefs and enums
               *
               *
               ****************************************************************************/
C51 COMPILER V9.60.0.0   PHY_QUATTRO                                                       11/30/2021 16:22:25 PAGE 2   

              
              
              /*****************************************************************************
               *
               *
               * Prototypes for local functions
               *
               *
               *
               ****************************************************************************/
              
              /*****************************************************************************
               *
               *
               * Local data
               *
               *
               *
               ****************************************************************************/
              
              
              /*****************************************************************************
               *
               *
               * PHY initialization sequences
               *
               *
               *
               ****************************************************************************/
              
              /*
              ** Initialization sequence for 8224/8244 PHYs
              */
              vtss_rc init_seq_8224(
                  vtss_port_no_t          port_no,
                  phy_id_t                *phy_id
              ) {
                  phy_page_tp(port_no);
                  phy_write(port_no,  8, 0x0212);
              
                  phy_page_tr(port_no);
                  phy_write(port_no, 16, 0xafa4);
                  phy_write(port_no, 18, 0x000f);
                  phy_write(port_no, 17, 0x492a);
                  phy_write(port_no, 16, 0x8fa4);
              
                  phy_page_tp(port_no);
                  phy_write(port_no,  8, 0x0012);
              
                  phy_page_tp(port_no);
                  phy_write(port_no,  8, 0x0212);
              
                  phy_page_tr(port_no);
                  phy_write(port_no, 18, 0x0004);
                  phy_write(port_no, 17, 0x0671);
                  phy_write(port_no, 16, 0x8fae);
              
                  phy_page_tp(port_no);
                  phy_write(port_no,  8, 0x0012);
              
                  phy_page_std(port_no);
                  phy_write(port_no, 18, 0x0049);
C51 COMPILER V9.60.0.0   PHY_QUATTRO                                                       11/30/2021 16:22:25 PAGE 3   

              
                  phy_page_tp(port_no);
                  phy_write(port_no,  3, 0xf082);
                  phy_write(port_no,  3, 0xf082);
              
                  phy_page_std(port_no);
              
                  vtss_phy_enab_smrt_premphasis(port_no);
              
                  phy_id = 0; /* fix compiler wanring */
              
                  return VTSS_RC_OK;
              }
              
              #endif
 129          
 130          /****************************************************************************/
 131          /*                                                                          */
 132          /*  End of file.                                                            */
 133          /*                                                                          */
 134          /****************************************************************************/


MODULE INFORMATION:   STATIC OVERLAYABLE
   CODE SIZE        =   ----    ----
   CONSTANT SIZE    =   ----    ----
   XDATA SIZE       =   ----    ----
   PDATA SIZE       =   ----    ----
   DATA SIZE        =   ----    ----
   IDATA SIZE       =   ----    ----
   BIT SIZE         =   ----    ----
END OF MODULE INFORMATION.


C51 COMPILATION COMPLETE.  0 WARNING(S),  0 ERROR(S)
