C51 COMPILER V9.60.0.0   VERSION                                                           11/30/2021 16:22:25 PAGE 1   


C51 COMPILER V9.60.0.0, COMPILATION OF MODULE VERSION
OBJECT MODULE PLACED IN ..\obj\version.obj
COMPILER INVOKED BY: C:\Keil_v5\C51\BIN\C51.EXE ..\src\config\version.c LARGE OPTIMIZE(9,SIZE) INCDIR(c:\keil\c51\inc\wi
                    -nbond;..\src\config;..\src\config\proj_opt;..\src\cli;..\src\main;..\src\switch;..\src\phy;..\src\util;..\src\switch\vts
                    -s_api\base;..\src\switch\vtss_api\base\ocelot;..\src\switch\include;..\src\lldp;..\src\snmp;..\src\sw_lacp;..\src\eee;..
                    -\src\eee\base\include;..\src\fan;..\src\led;..\src\loop) DEFINE(VTSS_ARCH_OCELOT,FERRET_F5,PROJ_OPT=0) DEBUG OBJECTEXTEN
                    -D PRINT(..\lst\version.lst) TABS(2) OBJECT(..\obj\version.obj)

line level    source

   1          /*
   2          
   3           Copyright (c) 2017 Microsemi Corporation "Microsemi".
   4          
   5           Permission is hereby granted, free of charge, to any person obtaining a copy
   6           of this software and associated documentation files (the "Software"), to deal
   7           in the Software without restriction, including without limitation the rights
   8           to use, copy, modify, merge, publish, distribute, sublicense, and/or sell
   9           copies of the Software, and to permit persons to whom the Software is
  10           furnished to do so, subject to the following conditions:
  11          
  12           The above copyright notice and this permission notice shall be included in all
  13           copies or substantial portions of the Software.
  14          
  15           THE SOFTWARE IS PROVIDED "AS IS", WITHOUT WARRANTY OF ANY KIND, EXPRESS OR
  16           IMPLIED, INCLUDING BUT NOT LIMITED TO THE WARRANTIES OF MERCHANTABILITY,
  17           FITNESS FOR A PARTICULAR PURPOSE AND NONINFRINGEMENT. IN NO EVENT SHALL THE
  18           AUTHORS OR COPYRIGHT HOLDERS BE LIABLE FOR ANY CLAIM, DAMAGES OR OTHER
  19           LIABILITY, WHETHER IN AN ACTION OF CONTRACT, TORT OR OTHERWISE, ARISING FROM,
  20           OUT OF OR IN CONNECTION WITH THE SOFTWARE OR THE USE OR OTHER DEALINGS IN THE
  21           SOFTWARE.
  22          
  23          */
  24          
  25          #include "version.h"
  26          #include "code_revision.c"
  27          
  28          
  29          /* 
  30           * Local Definition
  31           */
  32          /* Software version suffix string */
  33          #if defined(PROJ_OPT)
  34              #if (PROJ_OPT == 0)
  35                  #define VER_SUFFIX_TXT      " - Engineer Developed"
  36              #elif (PROJ_OPT == 99998)
                      #define VER_SUFFIX_TXT      " Ocelot-REL_Unmanaged"
                  #elif (PROJ_OPT == 99999)
                      #define VER_SUFFIX_TXT      " Ocelot-REL_Unmanaged_LACP"
                  #endif
  41          #else
                  #define VER_SUFFIX_TXT          ""
              #endif
  44          
  45          
  46          /* 
  47           * Local Variables
  48           */
  49          const char code *SW_COMPILE_DATE = __DATE__ " " __TIME__;
  50          
  51          /* Notice that text 'TEST-N' should be excluded from the software version string */
C51 COMPILER V9.60.0.0   VERSION                                                           11/30/2021 16:22:25 PAGE 2   

  52          const char code *SW_VERSION =
  53          #if defined(LUTON26_L25)
                  "Luton25 3.08a"
              #elif defined(LUTON26_L16)
                  "Luton16e 3.08a"
              #elif defined(LUTON26_L10)
                  "Luton10 3.08a"
              #elif defined(FERRET_F11)
                  "Ferret_F11" VER_SUFFIX_TXT
              #elif defined(FERRET_F10P)
                  "Ferret_F10P" VER_SUFFIX_TXT
              #elif defined(FERRET_F5)
  64              "Ferret_F5" VER_SUFFIX_TXT
  65          #elif defined(FERRET_F4P)
                  "Ferret_F4P" VER_SUFFIX_TXT
              #else
                  "Uknown version"
              #endif
  70          ;


MODULE INFORMATION:   STATIC OVERLAYABLE
   CODE SIZE        =   ----    ----
   CONSTANT SIZE    =     60    ----
   XDATA SIZE       =      6    ----
   PDATA SIZE       =   ----    ----
   DATA SIZE        =   ----    ----
   IDATA SIZE       =   ----    ----
   BIT SIZE         =   ----    ----
END OF MODULE INFORMATION.


C51 COMPILATION COMPLETE.  0 WARNING(S),  0 ERROR(S)
